2025-04-25T11:15:48.595+05:30  INFO 30210 --- [address_book] [restartedMain] c.e.address_book.AddressBookApplication  : Starting AddressBookApplication using Java 20 with PID 30210 (/Users/divyam/Downloads/address_book/target/classes started by divyam in /Users/divyam/Downloads/address_book)
2025-04-25T11:15:48.595+05:30 DEBUG 30210 --- [address_book] [restartedMain] c.e.address_book.AddressBookApplication  : Running with Spring Boot v3.3.10, Spring v6.1.18
2025-04-25T11:15:48.596+05:30  INFO 30210 --- [address_book] [restartedMain] c.e.address_book.AddressBookApplication  : No active profile set, falling back to 1 default profile: "default"
2025-04-25T11:15:48.617+05:30  INFO 30210 --- [address_book] [restartedMain] .e.DevToolsPropertyDefaultsPostProcessor : Devtools property defaults active! Set 'spring.devtools.add-properties' to 'false' to disable
2025-04-25T11:15:48.617+05:30  INFO 30210 --- [address_book] [restartedMain] .e.DevToolsPropertyDefaultsPostProcessor : For additional web related logging consider setting the 'logging.level.web' property to 'DEBUG'
2025-04-25T11:15:48.957+05:30  INFO 30210 --- [address_book] [restartedMain] .s.d.r.c.RepositoryConfigurationDelegate : Bootstrapping Spring Data JPA repositories in DEFAULT mode.
2025-04-25T11:15:48.982+05:30  INFO 30210 --- [address_book] [restartedMain] .s.d.r.c.RepositoryConfigurationDelegate : Finished Spring Data repository scanning in 21 ms. Found 1 JPA repository interface.
2025-04-25T11:15:49.225+05:30  INFO 30210 --- [address_book] [restartedMain] o.s.b.w.embedded.tomcat.TomcatWebServer  : Tomcat initialized with port 8080 (http)
2025-04-25T11:15:49.232+05:30  INFO 30210 --- [address_book] [restartedMain] o.apache.catalina.core.StandardService   : Starting service [Tomcat]
2025-04-25T11:15:49.233+05:30  INFO 30210 --- [address_book] [restartedMain] o.apache.catalina.core.StandardEngine    : Starting Servlet engine: [Apache Tomcat/10.1.39]
2025-04-25T11:15:49.251+05:30  INFO 30210 --- [address_book] [restartedMain] o.a.c.c.C.[Tomcat].[localhost].[/]       : Initializing Spring embedded WebApplicationContext
2025-04-25T11:15:49.251+05:30  INFO 30210 --- [address_book] [restartedMain] w.s.c.ServletWebServerApplicationContext : Root WebApplicationContext: initialization completed in 633 ms
2025-04-25T11:15:49.334+05:30  INFO 30210 --- [address_book] [restartedMain] o.hibernate.jpa.internal.util.LogHelper  : HHH000204: Processing PersistenceUnitInfo [name: default]
2025-04-25T11:15:49.359+05:30  INFO 30210 --- [address_book] [restartedMain] org.hibernate.Version                    : HHH000412: Hibernate ORM core version 6.5.3.Final
2025-04-25T11:15:49.374+05:30  INFO 30210 --- [address_book] [restartedMain] o.h.c.internal.RegionFactoryInitiator    : HHH000026: Second-level cache disabled
2025-04-25T11:15:49.519+05:30  INFO 30210 --- [address_book] [restartedMain] o.s.o.j.p.SpringPersistenceUnitInfo      : No LoadTimeWeaver setup: ignoring JPA class transformer
2025-04-25T11:15:49.537+05:30  INFO 30210 --- [address_book] [restartedMain] com.zaxxer.hikari.HikariDataSource       : HikariPool-1 - Starting...
2025-04-25T11:15:49.755+05:30  INFO 30210 --- [address_book] [restartedMain] com.zaxxer.hikari.pool.HikariPool        : HikariPool-1 - Added connection com.mysql.cj.jdbc.ConnectionImpl@4c0e94ed
2025-04-25T11:15:49.755+05:30  INFO 30210 --- [address_book] [restartedMain] com.zaxxer.hikari.HikariDataSource       : HikariPool-1 - Start completed.
2025-04-25T11:15:49.790+05:30  WARN 30210 --- [address_book] [restartedMain] org.hibernate.orm.deprecation            : HHH90000025: MySQLDialect does not need to be specified explicitly using 'hibernate.dialect' (remove the property setting and it will be selected by default)
2025-04-25T11:15:50.134+05:30  INFO 30210 --- [address_book] [restartedMain] o.h.e.t.j.p.i.JtaPlatformInitiator       : HHH000489: No JTA platform available (set 'hibernate.transaction.jta.platform' to enable JTA platform integration)
2025-04-25T11:15:50.173+05:30  INFO 30210 --- [address_book] [restartedMain] j.LocalContainerEntityManagerFactoryBean : Initialized JPA EntityManagerFactory for persistence unit 'default'
2025-04-25T11:15:50.294+05:30  WARN 30210 --- [address_book] [restartedMain] JpaBaseConfiguration$JpaWebConfiguration : spring.jpa.open-in-view is enabled by default. Therefore, database queries may be performed during view rendering. Explicitly configure spring.jpa.open-in-view to disable this warning
2025-04-25T11:15:50.455+05:30  INFO 30210 --- [address_book] [restartedMain] o.s.b.d.a.OptionalLiveReloadServer       : LiveReload server is running on port 35729
2025-04-25T11:15:50.471+05:30  INFO 30210 --- [address_book] [restartedMain] o.s.b.w.embedded.tomcat.TomcatWebServer  : Tomcat started on port 8080 (http) with context path '/'
2025-04-25T11:15:50.476+05:30  INFO 30210 --- [address_book] [restartedMain] c.e.address_book.AddressBookApplication  : Started AddressBookApplication in 2.163 seconds (process running for 2.446)
2025-04-25T11:16:25.468+05:30  INFO 30210 --- [address_book] [http-nio-8080-exec-1] o.a.c.c.C.[Tomcat].[localhost].[/]       : Initializing Spring DispatcherServlet 'dispatcherServlet'
2025-04-25T11:16:25.470+05:30  INFO 30210 --- [address_book] [http-nio-8080-exec-1] o.s.web.servlet.DispatcherServlet        : Initializing Servlet 'dispatcherServlet'
2025-04-25T11:16:25.473+05:30  INFO 30210 --- [address_book] [http-nio-8080-exec-1] o.s.web.servlet.DispatcherServlet        : Completed initialization in 3 ms
2025-04-25T11:16:25.551+05:30  INFO 30210 --- [address_book] [http-nio-8080-exec-1] c.e.address_book.Service.AddressService  : This is an info message
2025-04-25T11:17:51.377+05:30  INFO 30210 --- [address_book] [SpringApplicationShutdownHook] j.LocalContainerEntityManagerFactoryBean : Closing JPA EntityManagerFactory for persistence unit 'default'
2025-04-25T11:17:51.383+05:30  INFO 30210 --- [address_book] [SpringApplicationShutdownHook] com.zaxxer.hikari.HikariDataSource       : HikariPool-1 - Shutdown initiated...
2025-04-25T11:17:51.390+05:30  INFO 30210 --- [address_book] [SpringApplicationShutdownHook] com.zaxxer.hikari.HikariDataSource       : HikariPool-1 - Shutdown completed.
2025-04-25T11:17:53.390+05:30  INFO 30343 --- [address_book] [restartedMain] c.e.address_book.AddressBookApplication  : Starting AddressBookApplication using Java 20 with PID 30343 (/Users/divyam/Downloads/address_book/target/classes started by divyam in /Users/divyam/Downloads/address_book)
2025-04-25T11:17:53.391+05:30 DEBUG 30343 --- [address_book] [restartedMain] c.e.address_book.AddressBookApplication  : Running with Spring Boot v3.3.10, Spring v6.1.18
2025-04-25T11:17:53.391+05:30  INFO 30343 --- [address_book] [restartedMain] c.e.address_book.AddressBookApplication  : No active profile set, falling back to 1 default profile: "default"
2025-04-25T11:17:53.427+05:30  INFO 30343 --- [address_book] [restartedMain] .e.DevToolsPropertyDefaultsPostProcessor : Devtools property defaults active! Set 'spring.devtools.add-properties' to 'false' to disable
2025-04-25T11:17:53.427+05:30  INFO 30343 --- [address_book] [restartedMain] .e.DevToolsPropertyDefaultsPostProcessor : For additional web related logging consider setting the 'logging.level.web' property to 'DEBUG'
2025-04-25T11:17:53.780+05:30  INFO 30343 --- [address_book] [restartedMain] .s.d.r.c.RepositoryConfigurationDelegate : Bootstrapping Spring Data JPA repositories in DEFAULT mode.
2025-04-25T11:17:53.806+05:30  INFO 30343 --- [address_book] [restartedMain] .s.d.r.c.RepositoryConfigurationDelegate : Finished Spring Data repository scanning in 22 ms. Found 1 JPA repository interface.
2025-04-25T11:17:54.061+05:30  INFO 30343 --- [address_book] [restartedMain] o.s.b.w.embedded.tomcat.TomcatWebServer  : Tomcat initialized with port 8080 (http)
2025-04-25T11:17:54.069+05:30  INFO 30343 --- [address_book] [restartedMain] o.apache.catalina.core.StandardService   : Starting service [Tomcat]
2025-04-25T11:17:54.070+05:30  INFO 30343 --- [address_book] [restartedMain] o.apache.catalina.core.StandardEngine    : Starting Servlet engine: [Apache Tomcat/10.1.39]
2025-04-25T11:17:54.091+05:30  INFO 30343 --- [address_book] [restartedMain] o.a.c.c.C.[Tomcat].[localhost].[/]       : Initializing Spring embedded WebApplicationContext
2025-04-25T11:17:54.091+05:30  INFO 30343 --- [address_book] [restartedMain] w.s.c.ServletWebServerApplicationContext : Root WebApplicationContext: initialization completed in 663 ms
2025-04-25T11:17:54.175+05:30  INFO 30343 --- [address_book] [restartedMain] o.hibernate.jpa.internal.util.LogHelper  : HHH000204: Processing PersistenceUnitInfo [name: default]
2025-04-25T11:17:54.201+05:30  INFO 30343 --- [address_book] [restartedMain] org.hibernate.Version                    : HHH000412: Hibernate ORM core version 6.5.3.Final
2025-04-25T11:17:54.215+05:30  INFO 30343 --- [address_book] [restartedMain] o.h.c.internal.RegionFactoryInitiator    : HHH000026: Second-level cache disabled
2025-04-25T11:17:54.354+05:30  INFO 30343 --- [address_book] [restartedMain] o.s.o.j.p.SpringPersistenceUnitInfo      : No LoadTimeWeaver setup: ignoring JPA class transformer
2025-04-25T11:17:54.370+05:30  INFO 30343 --- [address_book] [restartedMain] com.zaxxer.hikari.HikariDataSource       : HikariPool-1 - Starting...
2025-04-25T11:17:54.574+05:30  INFO 30343 --- [address_book] [restartedMain] com.zaxxer.hikari.pool.HikariPool        : HikariPool-1 - Added connection com.mysql.cj.jdbc.ConnectionImpl@56f8d2c4
2025-04-25T11:17:54.575+05:30  INFO 30343 --- [address_book] [restartedMain] com.zaxxer.hikari.HikariDataSource       : HikariPool-1 - Start completed.
2025-04-25T11:17:54.608+05:30  WARN 30343 --- [address_book] [restartedMain] org.hibernate.orm.deprecation            : HHH90000025: MySQLDialect does not need to be specified explicitly using 'hibernate.dialect' (remove the property setting and it will be selected by default)
2025-04-25T11:17:54.953+05:30  INFO 30343 --- [address_book] [restartedMain] o.h.e.t.j.p.i.JtaPlatformInitiator       : HHH000489: No JTA platform available (set 'hibernate.transaction.jta.platform' to enable JTA platform integration)
2025-04-25T11:17:54.982+05:30  INFO 30343 --- [address_book] [restartedMain] j.LocalContainerEntityManagerFactoryBean : Initialized JPA EntityManagerFactory for persistence unit 'default'
2025-04-25T11:17:55.095+05:30  WARN 30343 --- [address_book] [restartedMain] JpaBaseConfiguration$JpaWebConfiguration : spring.jpa.open-in-view is enabled by default. Therefore, database queries may be performed during view rendering. Explicitly configure spring.jpa.open-in-view to disable this warning
2025-04-25T11:17:55.263+05:30  INFO 30343 --- [address_book] [restartedMain] o.s.b.d.a.OptionalLiveReloadServer       : LiveReload server is running on port 35729
2025-04-25T11:17:55.279+05:30  INFO 30343 --- [address_book] [restartedMain] o.s.b.w.embedded.tomcat.TomcatWebServer  : Tomcat started on port 8080 (http) with context path '/'
2025-04-25T11:17:55.286+05:30  INFO 30343 --- [address_book] [restartedMain] c.e.address_book.AddressBookApplication  : Started AddressBookApplication in 2.144 seconds (process running for 2.398)
2025-04-25T13:06:21.309+05:30  WARN 30343 --- [address_book] [HikariPool-1 housekeeper] com.zaxxer.hikari.pool.HikariPool        : HikariPool-1 - Thread starvation or clock leap detected (housekeeper delta=1h5m26s130ms).
2025-04-25T13:25:52.593+05:30  WARN 30343 --- [address_book] [HikariPool-1 housekeeper] com.zaxxer.hikari.pool.HikariPool        : HikariPool-1 - Thread starvation or clock leap detected (housekeeper delta=19m31s286ms).
2025-04-25T13:26:23.606+05:30  INFO 30343 --- [address_book] [SpringApplicationShutdownHook] j.LocalContainerEntityManagerFactoryBean : Closing JPA EntityManagerFactory for persistence unit 'default'
2025-04-25T13:26:23.615+05:30  INFO 30343 --- [address_book] [SpringApplicationShutdownHook] com.zaxxer.hikari.HikariDataSource       : HikariPool-1 - Shutdown initiated...
2025-04-25T13:26:23.631+05:30  INFO 30343 --- [address_book] [SpringApplicationShutdownHook] com.zaxxer.hikari.HikariDataSource       : HikariPool-1 - Shutdown completed.
2025-04-25T13:57:57.790+05:30  INFO 32752 --- [address_book] [restartedMain] c.e.address_book.AddressBookApplication  : Starting AddressBookApplication using Java 20 with PID 32752 (/Users/divyam/Downloads/address_book/target/classes started by divyam in /Users/divyam/Downloads/address_book)
2025-04-25T13:57:57.791+05:30 DEBUG 32752 --- [address_book] [restartedMain] c.e.address_book.AddressBookApplication  : Running with Spring Boot v3.3.10, Spring v6.1.18
2025-04-25T13:57:57.791+05:30  INFO 32752 --- [address_book] [restartedMain] c.e.address_book.AddressBookApplication  : No active profile set, falling back to 1 default profile: "default"
2025-04-25T13:57:57.822+05:30  INFO 32752 --- [address_book] [restartedMain] .e.DevToolsPropertyDefaultsPostProcessor : Devtools property defaults active! Set 'spring.devtools.add-properties' to 'false' to disable
2025-04-25T13:57:57.822+05:30  INFO 32752 --- [address_book] [restartedMain] .e.DevToolsPropertyDefaultsPostProcessor : For additional web related logging consider setting the 'logging.level.web' property to 'DEBUG'
2025-04-25T13:57:58.175+05:30  INFO 32752 --- [address_book] [restartedMain] .s.d.r.c.RepositoryConfigurationDelegate : Bootstrapping Spring Data JPA repositories in DEFAULT mode.
2025-04-25T13:57:58.199+05:30  INFO 32752 --- [address_book] [restartedMain] .s.d.r.c.RepositoryConfigurationDelegate : Finished Spring Data repository scanning in 20 ms. Found 1 JPA repository interface.
2025-04-25T13:57:58.459+05:30  INFO 32752 --- [address_book] [restartedMain] o.s.b.w.embedded.tomcat.TomcatWebServer  : Tomcat initialized with port 8080 (http)
2025-04-25T13:57:58.466+05:30  INFO 32752 --- [address_book] [restartedMain] o.apache.catalina.core.StandardService   : Starting service [Tomcat]
2025-04-25T13:57:58.467+05:30  INFO 32752 --- [address_book] [restartedMain] o.apache.catalina.core.StandardEngine    : Starting Servlet engine: [Apache Tomcat/10.1.39]
2025-04-25T13:57:58.486+05:30  INFO 32752 --- [address_book] [restartedMain] o.a.c.c.C.[Tomcat].[localhost].[/]       : Initializing Spring embedded WebApplicationContext
2025-04-25T13:57:58.486+05:30  INFO 32752 --- [address_book] [restartedMain] w.s.c.ServletWebServerApplicationContext : Root WebApplicationContext: initialization completed in 664 ms
2025-04-25T13:57:58.566+05:30  INFO 32752 --- [address_book] [restartedMain] o.hibernate.jpa.internal.util.LogHelper  : HHH000204: Processing PersistenceUnitInfo [name: default]
2025-04-25T13:57:58.593+05:30  INFO 32752 --- [address_book] [restartedMain] org.hibernate.Version                    : HHH000412: Hibernate ORM core version 6.5.3.Final
2025-04-25T13:57:58.610+05:30  INFO 32752 --- [address_book] [restartedMain] o.h.c.internal.RegionFactoryInitiator    : HHH000026: Second-level cache disabled
2025-04-25T13:57:58.751+05:30  INFO 32752 --- [address_book] [restartedMain] o.s.o.j.p.SpringPersistenceUnitInfo      : No LoadTimeWeaver setup: ignoring JPA class transformer
2025-04-25T13:57:58.769+05:30  INFO 32752 --- [address_book] [restartedMain] com.zaxxer.hikari.HikariDataSource       : HikariPool-1 - Starting...
2025-04-25T13:57:58.995+05:30  INFO 32752 --- [address_book] [restartedMain] com.zaxxer.hikari.pool.HikariPool        : HikariPool-1 - Added connection com.mysql.cj.jdbc.ConnectionImpl@7b0d4983
2025-04-25T13:57:58.996+05:30  INFO 32752 --- [address_book] [restartedMain] com.zaxxer.hikari.HikariDataSource       : HikariPool-1 - Start completed.
2025-04-25T13:57:59.029+05:30  WARN 32752 --- [address_book] [restartedMain] org.hibernate.orm.deprecation            : HHH90000025: MySQLDialect does not need to be specified explicitly using 'hibernate.dialect' (remove the property setting and it will be selected by default)
2025-04-25T13:57:59.385+05:30  INFO 32752 --- [address_book] [restartedMain] o.h.e.t.j.p.i.JtaPlatformInitiator       : HHH000489: No JTA platform available (set 'hibernate.transaction.jta.platform' to enable JTA platform integration)
2025-04-25T13:57:59.420+05:30  INFO 32752 --- [address_book] [restartedMain] j.LocalContainerEntityManagerFactoryBean : Initialized JPA EntityManagerFactory for persistence unit 'default'
2025-04-25T13:57:59.535+05:30  WARN 32752 --- [address_book] [restartedMain] JpaBaseConfiguration$JpaWebConfiguration : spring.jpa.open-in-view is enabled by default. Therefore, database queries may be performed during view rendering. Explicitly configure spring.jpa.open-in-view to disable this warning
2025-04-25T13:57:59.708+05:30  INFO 32752 --- [address_book] [restartedMain] o.s.b.d.a.OptionalLiveReloadServer       : LiveReload server is running on port 35729
2025-04-25T13:57:59.723+05:30  INFO 32752 --- [address_book] [restartedMain] o.s.b.w.embedded.tomcat.TomcatWebServer  : Tomcat started on port 8080 (http) with context path '/'
2025-04-25T13:57:59.729+05:30  INFO 32752 --- [address_book] [restartedMain] c.e.address_book.AddressBookApplication  : Started AddressBookApplication in 2.176 seconds (process running for 2.418)
2025-04-25T13:58:06.110+05:30  INFO 32752 --- [address_book] [http-nio-8080-exec-2] o.a.c.c.C.[Tomcat].[localhost].[/]       : Initializing Spring DispatcherServlet 'dispatcherServlet'
2025-04-25T13:58:06.111+05:30  INFO 32752 --- [address_book] [http-nio-8080-exec-2] o.s.web.servlet.DispatcherServlet        : Initializing Servlet 'dispatcherServlet'
2025-04-25T13:58:06.112+05:30  INFO 32752 --- [address_book] [http-nio-8080-exec-2] o.s.web.servlet.DispatcherServlet        : Completed initialization in 1 ms
2025-04-25T13:58:06.212+05:30 DEBUG 32752 --- [address_book] [http-nio-8080-exec-2] c.e.address_book.Service.AddressService  : Address saved successfully: com.example.address_book.Model.Address@51b6797c
2025-04-25T13:58:24.603+05:30 DEBUG 32752 --- [address_book] [http-nio-8080-exec-3] c.e.address_book.Service.AddressService  : Address saved successfully: com.example.address_book.Model.Address@6305f6c8
2025-04-25T13:59:24.198+05:30  INFO 32752 --- [address_book] [SpringApplicationShutdownHook] j.LocalContainerEntityManagerFactoryBean : Closing JPA EntityManagerFactory for persistence unit 'default'
2025-04-25T13:59:24.201+05:30  INFO 32752 --- [address_book] [SpringApplicationShutdownHook] com.zaxxer.hikari.HikariDataSource       : HikariPool-1 - Shutdown initiated...
2025-04-25T13:59:24.207+05:30  INFO 32752 --- [address_book] [SpringApplicationShutdownHook] com.zaxxer.hikari.HikariDataSource       : HikariPool-1 - Shutdown completed.
2025-04-25T13:59:26.053+05:30  INFO 32912 --- [address_book] [restartedMain] c.e.address_book.AddressBookApplication  : Starting AddressBookApplication using Java 20 with PID 32912 (/Users/divyam/Downloads/address_book/target/classes started by divyam in /Users/divyam/Downloads/address_book)
2025-04-25T13:59:26.055+05:30 DEBUG 32912 --- [address_book] [restartedMain] c.e.address_book.AddressBookApplication  : Running with Spring Boot v3.3.10, Spring v6.1.18
2025-04-25T13:59:26.055+05:30  INFO 32912 --- [address_book] [restartedMain] c.e.address_book.AddressBookApplication  : No active profile set, falling back to 1 default profile: "default"
2025-04-25T13:59:26.083+05:30  INFO 32912 --- [address_book] [restartedMain] .e.DevToolsPropertyDefaultsPostProcessor : Devtools property defaults active! Set 'spring.devtools.add-properties' to 'false' to disable
2025-04-25T13:59:26.083+05:30  INFO 32912 --- [address_book] [restartedMain] .e.DevToolsPropertyDefaultsPostProcessor : For additional web related logging consider setting the 'logging.level.web' property to 'DEBUG'
2025-04-25T13:59:26.407+05:30  INFO 32912 --- [address_book] [restartedMain] .s.d.r.c.RepositoryConfigurationDelegate : Bootstrapping Spring Data JPA repositories in DEFAULT mode.
2025-04-25T13:59:26.430+05:30  INFO 32912 --- [address_book] [restartedMain] .s.d.r.c.RepositoryConfigurationDelegate : Finished Spring Data repository scanning in 19 ms. Found 1 JPA repository interface.
2025-04-25T13:59:26.649+05:30  INFO 32912 --- [address_book] [restartedMain] o.s.b.w.embedded.tomcat.TomcatWebServer  : Tomcat initialized with port 8080 (http)
2025-04-25T13:59:26.657+05:30  INFO 32912 --- [address_book] [restartedMain] o.apache.catalina.core.StandardService   : Starting service [Tomcat]
2025-04-25T13:59:26.657+05:30  INFO 32912 --- [address_book] [restartedMain] o.apache.catalina.core.StandardEngine    : Starting Servlet engine: [Apache Tomcat/10.1.39]
2025-04-25T13:59:26.675+05:30  INFO 32912 --- [address_book] [restartedMain] o.a.c.c.C.[Tomcat].[localhost].[/]       : Initializing Spring embedded WebApplicationContext
2025-04-25T13:59:26.676+05:30  INFO 32912 --- [address_book] [restartedMain] w.s.c.ServletWebServerApplicationContext : Root WebApplicationContext: initialization completed in 593 ms
2025-04-25T13:59:26.748+05:30  INFO 32912 --- [address_book] [restartedMain] o.hibernate.jpa.internal.util.LogHelper  : HHH000204: Processing PersistenceUnitInfo [name: default]
2025-04-25T13:59:26.770+05:30  INFO 32912 --- [address_book] [restartedMain] org.hibernate.Version                    : HHH000412: Hibernate ORM core version 6.5.3.Final
2025-04-25T13:59:26.782+05:30  INFO 32912 --- [address_book] [restartedMain] o.h.c.internal.RegionFactoryInitiator    : HHH000026: Second-level cache disabled
2025-04-25T13:59:26.902+05:30  INFO 32912 --- [address_book] [restartedMain] o.s.o.j.p.SpringPersistenceUnitInfo      : No LoadTimeWeaver setup: ignoring JPA class transformer
2025-04-25T13:59:26.921+05:30  INFO 32912 --- [address_book] [restartedMain] com.zaxxer.hikari.HikariDataSource       : HikariPool-1 - Starting...
2025-04-25T13:59:27.097+05:30  INFO 32912 --- [address_book] [restartedMain] com.zaxxer.hikari.pool.HikariPool        : HikariPool-1 - Added connection com.mysql.cj.jdbc.ConnectionImpl@21c6d6b3
2025-04-25T13:59:27.098+05:30  INFO 32912 --- [address_book] [restartedMain] com.zaxxer.hikari.HikariDataSource       : HikariPool-1 - Start completed.
2025-04-25T13:59:27.124+05:30  WARN 32912 --- [address_book] [restartedMain] org.hibernate.orm.deprecation            : HHH90000025: MySQLDialect does not need to be specified explicitly using 'hibernate.dialect' (remove the property setting and it will be selected by default)
2025-04-25T13:59:27.475+05:30  INFO 32912 --- [address_book] [restartedMain] o.h.e.t.j.p.i.JtaPlatformInitiator       : HHH000489: No JTA platform available (set 'hibernate.transaction.jta.platform' to enable JTA platform integration)
2025-04-25T13:59:27.500+05:30  INFO 32912 --- [address_book] [restartedMain] j.LocalContainerEntityManagerFactoryBean : Initialized JPA EntityManagerFactory for persistence unit 'default'
2025-04-25T13:59:27.605+05:30  WARN 32912 --- [address_book] [restartedMain] JpaBaseConfiguration$JpaWebConfiguration : spring.jpa.open-in-view is enabled by default. Therefore, database queries may be performed during view rendering. Explicitly configure spring.jpa.open-in-view to disable this warning
2025-04-25T13:59:27.772+05:30  INFO 32912 --- [address_book] [restartedMain] o.s.b.d.a.OptionalLiveReloadServer       : LiveReload server is running on port 35729
2025-04-25T13:59:27.786+05:30  INFO 32912 --- [address_book] [restartedMain] o.s.b.w.embedded.tomcat.TomcatWebServer  : Tomcat started on port 8080 (http) with context path '/'
2025-04-25T13:59:27.792+05:30  INFO 32912 --- [address_book] [restartedMain] c.e.address_book.AddressBookApplication  : Started AddressBookApplication in 1.96 seconds (process running for 2.177)
2025-04-25T13:59:52.280+05:30  INFO 32912 --- [address_book] [http-nio-8080-exec-1] o.a.c.c.C.[Tomcat].[localhost].[/]       : Initializing Spring DispatcherServlet 'dispatcherServlet'
2025-04-25T13:59:52.281+05:30  INFO 32912 --- [address_book] [http-nio-8080-exec-1] o.s.web.servlet.DispatcherServlet        : Initializing Servlet 'dispatcherServlet'
2025-04-25T13:59:52.285+05:30  INFO 32912 --- [address_book] [http-nio-8080-exec-1] o.s.web.servlet.DispatcherServlet        : Completed initialization in 4 ms
2025-04-25T13:59:52.409+05:30 DEBUG 32912 --- [address_book] [http-nio-8080-exec-1] c.e.address_book.Service.AddressService  : Address saved successfully: com.example.address_book.Model.Address@5a3fb9ff
2025-04-25T14:00:08.955+05:30  INFO 32912 --- [address_book] [http-nio-8080-exec-3] c.e.address_book.Service.AddressService  : Get HTTP Method called
2025-04-25T14:00:08.956+05:30 DEBUG 32912 --- [address_book] [http-nio-8080-exec-3] c.e.address_book.Service.AddressService  : the list will be returned here.
2025-04-25T14:00:32.724+05:30  INFO 32912 --- [address_book] [http-nio-8080-exec-4] c.e.address_book.Service.AddressService  : Put /addresses/102 - Updating address by id
2025-04-25T14:00:32.740+05:30 DEBUG 32912 --- [address_book] [http-nio-8080-exec-4] c.e.address_book.Service.AddressService  : Address updated with ID 102
2025-04-25T14:00:41.259+05:30  INFO 32912 --- [address_book] [SpringApplicationShutdownHook] j.LocalContainerEntityManagerFactoryBean : Closing JPA EntityManagerFactory for persistence unit 'default'
2025-04-25T14:00:41.262+05:30  INFO 32912 --- [address_book] [SpringApplicationShutdownHook] com.zaxxer.hikari.HikariDataSource       : HikariPool-1 - Shutdown initiated...
2025-04-25T14:00:41.271+05:30  INFO 32912 --- [address_book] [SpringApplicationShutdownHook] com.zaxxer.hikari.HikariDataSource       : HikariPool-1 - Shutdown completed.
